<?xml version="1.0" encoding="UTF-8"?>
<!-- Generated by org.testng.reporters.JUnitReportReporter -->
<testsuite hostname="osboxes" name="testsuite_homepage.Subsuite_HP_Left" tests="4" failures="0" timestamp="13 Jun 2015 15:17:45 GMT" time="4.953" errors="0">
  <testcase name="flaseLoginBadCodeExampleForPOM" time="4.833" classname="testsuite_homepage.Subsuite_HP_Left"/>
  <testcase name="abc" time="0.056" classname="testsuite_homepage.Subsuite_HP_Left"/>
  <testcase name="printBeforeMethod" time="0.004" classname="testsuite_homepage.Subsuite_HP_Left"/>
  <testcase name="f" time="0.060" classname="testsuite_homepage.Subsuite_HP_Left"/>
</testsuite> <!-- testsuite_homepage.Subsuite_HP_Left -->
